<?xml version="1.0" encoding="UTF-8"?>
<testng-results skipped="0" failed="0" ignored="0" total="2" passed="2">
  <reporter-output>
  </reporter-output>
  <suite name="Default suite" duration-ms="34390" started-at="2019-05-21T19:25:20Z" finished-at="2019-05-21T19:25:54Z">
    <groups>
    </groups>
    <test name="Default test" duration-ms="34390" started-at="2019-05-21T19:25:20Z" finished-at="2019-05-21T19:25:54Z">
      <class name="TestCases.HomePage">
        <test-method status="PASS" signature="basePageNavigation(java.lang.String, java.lang.String, java.lang.String)[pri:0, instance:TestCases.HomePage@475530b9]" name="basePageNavigation" duration-ms="18693" started-at="2019-05-21T19:25:20Z" data-provider="getData" finished-at="2019-05-21T19:25:39Z">
          <params>
            <param index="0">
              <value>
                <![CDATA[nonrestricteduser@qa.com]]>
              </value>
            </param>
            <param index="1">
              <value>
                <![CDATA[123456]]>
              </value>
            </param>
            <param index="2">
              <value>
                <![CDATA[restricteduser]]>
              </value>
            </param>
          </params>
          <reporter-output>
          </reporter-output>
        </test-method> <!-- basePageNavigation -->
        <test-method status="PASS" signature="basePageNavigation(java.lang.String, java.lang.String, java.lang.String)[pri:0, instance:TestCases.HomePage@475530b9]" name="basePageNavigation" duration-ms="15656" started-at="2019-05-21T19:25:39Z" data-provider="getData" finished-at="2019-05-21T19:25:54Z">
          <params>
            <param index="0">
              <value>
                <![CDATA[restricteduser@qa.com]]>
              </value>
            </param>
            <param index="1">
              <value>
                <![CDATA[56789]]>
              </value>
            </param>
            <param index="2">
              <value>
                <![CDATA[nonrestricteduser]]>
              </value>
            </param>
          </params>
          <reporter-output>
          </reporter-output>
        </test-method> <!-- basePageNavigation -->
      </class> <!-- TestCases.HomePage -->
    </test> <!-- Default test -->
  </suite> <!-- Default suite -->
</testng-results>
